<?xml version="1.0" encoding="UTF-8"?>
<testsuite name="GreeterTest" tests="1" skipped="0" failures="0" errors="0" timestamp="2021-11-06T14:00:41" hostname="iMac.local" time="0.038">
  <properties/>
  <testcase name="testThatGreeterReturnsTheCorrectGreeting" classname="GreeterTest" time="0.038"/>
  <system-out><![CDATA[]]></system-out>
  <system-err><![CDATA[]]></system-err>
</testsuite>
